<?xml version="1.0" encoding="UTF-8"?>
<!-- Generated by org.testng.reporters.JUnitReportReporter -->
<testsuite hostname="HDC2-D-BXM1T72" failures="0" tests="3" name="com.caqhgroups.qa.testcases.UploadRoserPageTest" time="24.466" errors="0" timestamp="12 Dec 2018 11:24:51 GMT">
  <testcase classname="com.caqhgroups.qa.testcases.UploadRoserPageTest" name="Verifycard" time="24.297"/>
  <testcase classname="com.caqhgroups.qa.testcases.UploadRoserPageTest" name="FlippedCardHeader" time="0.059"/>
  <testcase classname="com.caqhgroups.qa.testcases.UploadRoserPageTest" name="flipcard" time="0.110"/>
</testsuite>
