<?xml version="1.0" encoding="UTF-8"?>
<!-- Generated by org.testng.reporters.JUnitReportReporter -->
<testsuite hostname="HDC2-D-BXM1T72" failures="0" tests="1" name="com.makemytrip.qa.testcases.SignInPageTest" time="16.354" errors="0" timestamp="13 Dec 2018 10:25:15 GMT">
  <testcase classname="com.makemytrip.qa.testcases.SignInPageTest" name="loginTest" time="16.354"/>
</testsuite>
